INFO:root:Write on example.txt at 2024-11-08 19:13:01.072192
INFO:root:Write on example.txt at 2024-11-08 19:13:01.084703
INFO:root:Write on example.txt at 2024-11-08 19:13:01.095453
INFO:root:Write on example.txt at 2024-11-08 19:13:01.103154
INFO:root:Write on example.txt at 2024-11-08 19:13:01.110928
INFO:root:Read on example.txt at 2024-11-08 19:13:02.084087
INFO:root:Rename on example.txt at 2024-11-08 19:13:02.090389
INFO:root:Copy on example_renamed.txt at 2024-11-08 19:13:02.114372
INFO:root:Delete on example_copy.txt at 2024-11-08 19:13:02.117246
INFO:root:Write on example.txt at 2024-11-08 19:13:50.165045
INFO:root:Write on example.txt at 2024-11-08 19:13:50.172325
INFO:root:Write on example.txt at 2024-11-08 19:13:50.179531
INFO:root:Write on example.txt at 2024-11-08 19:13:50.185011
INFO:root:Write on example.txt at 2024-11-08 19:13:50.189752
INFO:root:Read on example.txt at 2024-11-08 19:13:51.175638
INFO:root:Read on example.txt at 2024-11-08 19:13:51.181193
INFO:root:Read on example.txt at 2024-11-08 19:13:51.182185
INFO:root:Rename on example.txt at 2024-11-08 19:13:51.183877
INFO:root:Rename on example.txt at 2024-11-08 19:13:51.184511
INFO:root:Rename on example.txt at 2024-11-08 19:13:51.185930
INFO:root:Read on example.txt at 2024-11-08 19:13:51.187707
INFO:root:Read on example.txt at 2024-11-08 19:13:51.191716
INFO:root:Copy on example_renamed.txt at 2024-11-08 19:13:51.208272
INFO:root:Copy on example_renamed.txt at 2024-11-08 19:13:51.233047
INFO:root:Copy on example_renamed.txt at 2024-11-08 19:13:51.257831
INFO:root:Rename on example.txt at 2024-11-08 19:13:51.258893
INFO:root:Rename on example.txt at 2024-11-08 19:13:51.259307
INFO:root:Delete on example_copy.txt at 2024-11-08 19:13:51.263187
INFO:root:Delete on example_copy.txt at 2024-11-08 19:13:51.263577
INFO:root:Delete on example_copy.txt at 2024-11-08 19:13:51.264890
INFO:root:Copy on example_renamed.txt at 2024-11-08 19:13:51.280459
INFO:root:Copy on example_renamed.txt at 2024-11-08 19:13:51.298543
INFO:root:Delete on example_copy.txt at 2024-11-08 19:13:51.302435
INFO:root:Delete on example_copy.txt at 2024-11-08 19:13:51.304129
