Read on example.txt at Sun Nov 24 00:13:57 2024
Read on example.txt at Sun Nov 24 00:13:57 2024
Read on example.txt at Sun Nov 24 00:13:57 2024
Read on example.txt at Sun Nov 24 00:13:57 2024
Read on example.txt at Sun Nov 24 00:13:57 2024
Write on example.txt at Sun Nov 24 00:14:14 2024
Write on example.txt at Sun Nov 24 00:14:16 2024
Write on example.txt at Sun Nov 24 00:14:19 2024
Write on example.txt at Sun Nov 24 00:14:21 2024
Write on example.txt at Sun Nov 24 00:14:23 2024
Read on example.txt at Sun Nov 24 00:14:26 2024
Read on example.txt at Sun Nov 24 00:14:26 2024
Read on example.txt at Sun Nov 24 00:14:26 2024
Read on example.txt at Sun Nov 24 00:14:26 2024
Read on example.txt at Sun Nov 24 00:14:26 2024
Copy on example.txt at Sun Nov 24 00:14:50 2024
Copy on example.txt at Sun Nov 24 00:14:56 2024
Copy on example.txt at Sun Nov 24 00:15:02 2024
Copy on example.txt at Sun Nov 24 00:15:04 2024
Copy on example.txt at Sun Nov 24 00:15:08 2024
Delete on a at Sun Nov 24 00:15:15 2024
Delete on b at Sun Nov 24 00:15:20 2024
Delete on c at Sun Nov 24 00:15:23 2024
Delete on a.txt at Sun Nov 24 00:15:27 2024
Delete on g.txt at Sun Nov 24 00:15:35 2024
